01-11 00:59:39 com_github_MitjaNemec_Archive3DModels.action_archive_3d_models 220:Plugin executed on: 'win32'
01-11 00:59:39 com_github_MitjaNemec_Archive3DModels.action_archive_3d_models 221:Plugin executed with python version: '3.11.5 (main, Apr  9 2024, 02:53:56) [MSC v.1936 64 bit (AMD64)]'
01-11 00:59:39 com_github_MitjaNemec_Archive3DModels.action_archive_3d_models 222:KiCad build version: 8.0.2
01-11 00:59:39 com_github_MitjaNemec_Archive3DModels.action_archive_3d_models 223:Plugin version: 1.0.12

01-11 00:59:39 com_github_MitjaNemec_Archive3DModels.action_archive_3d_models 228:Screen sizes: [wx.Size(1920, 1080), wx.Size(1600, 900)]
01-11 00:59:39 com_github_MitjaNemec_Archive3DModels.action_archive_3d_models 235:Dialog size: wx.Size(213, 81)
01-11 00:59:39 com_github_MitjaNemec_Archive3DModels.action_archive_3d_models 237:Char size: 15
01-11 00:59:41 com_github_MitjaNemec_Archive3DModels.archive_3d_models 26:Starting to archive 3D models
01-11 00:59:41 com_github_MitjaNemec_Archive3DModels.archive_3d_models 47:Getting 3D models for footprint of: D1
01-11 00:59:41 com_github_MitjaNemec_Archive3DModels.archive_3d_models 59:Trying to copy: ${KICAD8_3DMODEL_DIR}/Package_TO_SOT_THT.3dshapes/TO-18-3.wrl
01-11 00:59:41 com_github_MitjaNemec_Archive3DModels.archive_3d_models 139:Remapping: ${KICAD8_3DMODEL_DIR}/Package_TO_SOT_THT.3dshapes/TO-18-3.wrl
01-11 00:59:41 com_github_MitjaNemec_Archive3DModels.archive_3d_models 47:Getting 3D models for footprint of: D3
01-11 00:59:41 com_github_MitjaNemec_Archive3DModels.archive_3d_models 59:Trying to copy: ${KICAD8_3DMODEL_DIR}/LED_THT.3dshapes/LED_D5.0mm_IRGrey.wrl
01-11 00:59:41 com_github_MitjaNemec_Archive3DModels.archive_3d_models 139:Remapping: ${KICAD8_3DMODEL_DIR}/LED_THT.3dshapes/LED_D5.0mm_IRGrey.wrl
01-11 00:59:41 com_github_MitjaNemec_Archive3DModels.archive_3d_models 47:Getting 3D models for footprint of: L1
01-11 00:59:41 com_github_MitjaNemec_Archive3DModels.archive_3d_models 59:Trying to copy: ${KICAD8_3DMODEL_DIR}/Inductor_SMD.3dshapes/L_0603_1608Metric.wrl
01-11 00:59:41 com_github_MitjaNemec_Archive3DModels.archive_3d_models 139:Remapping: ${KICAD8_3DMODEL_DIR}/Inductor_SMD.3dshapes/L_0603_1608Metric.wrl
01-11 00:59:41 com_github_MitjaNemec_Archive3DModels.archive_3d_models 47:Getting 3D models for footprint of: D2
01-11 00:59:41 com_github_MitjaNemec_Archive3DModels.archive_3d_models 59:Trying to copy: ${KIPRJMOD}/Library/UltraLibrarian/ul_PDB-C154SM/PDB-C154SM_ADP.step
01-11 00:59:41 com_github_MitjaNemec_Archive3DModels.archive_3d_models 139:Remapping: ${KIPRJMOD}/Library/UltraLibrarian/ul_PDB-C154SM/PDB-C154SM_ADP.step
01-11 00:59:41 com_github_MitjaNemec_Archive3DModels.archive_3d_models 47:Getting 3D models for footprint of: C1
01-11 00:59:41 com_github_MitjaNemec_Archive3DModels.archive_3d_models 59:Trying to copy: ${KICAD8_3DMODEL_DIR}/Capacitor_SMD.3dshapes/C_0603_1608Metric.wrl
01-11 00:59:41 com_github_MitjaNemec_Archive3DModels.archive_3d_models 139:Remapping: ${KICAD8_3DMODEL_DIR}/Capacitor_SMD.3dshapes/C_0603_1608Metric.wrl
01-11 00:59:41 com_github_MitjaNemec_Archive3DModels.archive_3d_models 47:Getting 3D models for footprint of: J5
01-11 00:59:41 com_github_MitjaNemec_Archive3DModels.archive_3d_models 59:Trying to copy: ${KICAD8_3DMODEL_DIR}/TerminalBlock.3dshapes/TerminalBlock_bornier-2_P5.08mm.wrl
01-11 00:59:41 com_github_MitjaNemec_Archive3DModels.archive_3d_models 135:Did not copy: ${KICAD8_3DMODEL_DIR}/TerminalBlock.3dshapes/TerminalBlock_bornier-2_P5.08mm.wrl
01-11 00:59:41 com_github_MitjaNemec_Archive3DModels.archive_3d_models 139:Remapping: ${KICAD8_3DMODEL_DIR}/TerminalBlock.3dshapes/TerminalBlock_bornier-2_P5.08mm.wrl
01-11 00:59:41 com_github_MitjaNemec_Archive3DModels.archive_3d_models 47:Getting 3D models for footprint of: J4
01-11 00:59:41 com_github_MitjaNemec_Archive3DModels.archive_3d_models 59:Trying to copy: ${KIPRJMOD}/Library/RFPC_SMA28_F/RFPC-SMA28-F.step
01-11 00:59:41 com_github_MitjaNemec_Archive3DModels.archive_3d_models 139:Remapping: ${KIPRJMOD}/Library/RFPC_SMA28_F/RFPC-SMA28-F.step
01-11 00:59:41 com_github_MitjaNemec_Archive3DModels.archive_3d_models 47:Getting 3D models for footprint of: J2
01-11 00:59:41 com_github_MitjaNemec_Archive3DModels.archive_3d_models 59:Trying to copy: ${KIPRJMOD}/Library/RFPC_SMA28_F/RFPC-SMA28-F.step
01-11 00:59:41 com_github_MitjaNemec_Archive3DModels.archive_3d_models 139:Remapping: ${KIPRJMOD}/Library/RFPC_SMA28_F/RFPC-SMA28-F.step
01-11 00:59:41 com_github_MitjaNemec_Archive3DModels.archive_3d_models 47:Getting 3D models for footprint of: J3
01-11 00:59:41 com_github_MitjaNemec_Archive3DModels.archive_3d_models 59:Trying to copy: ${KIPRJMOD}/Library/RFPC_SMA28_F/RFPC-SMA28-F.step
01-11 00:59:41 com_github_MitjaNemec_Archive3DModels.archive_3d_models 139:Remapping: ${KIPRJMOD}/Library/RFPC_SMA28_F/RFPC-SMA28-F.step
01-11 00:59:41 com_github_MitjaNemec_Archive3DModels.archive_3d_models 153:Did not succeed to copy 3D models!
('J5', '${KICAD8_3DMODEL_DIR}\\TerminalBlock.3dshapes\\TerminalBlock_bornier-2_P5.08mm.wrl')
